[INFO] 27-07-2023 11:20:04 [main] [Utils] - [TestNG] Running:
  /Users/thangle/Library/Caches/JetBrains/IdeaIC2022.2/temp-testng-customsuite.xml

[INFO] 27-07-2023 11:20:05 [main] [LogUtils] - Warning !! Can not Load All File.
[INFO] 27-07-2023 11:20:14 [main] [LogUtils] - Driver in TestContext: ChromeDriver: chrome on mac (7377b97b13d8751f64811546837914db)
[INFO] 27-07-2023 11:20:19 [main] [LogUtils] - Open Test Page URL: https://lcjg-betalabs.github.io/test-site-qa/products/
[INFO] 27-07-2023 11:20:19 [main] [LogUtils] - Hover on element By.xpath: //div[@class='MuiDataGrid-columnHeaderTitle' and text()='Categories']
[INFO] 27-07-2023 11:20:21 [main] [LogUtils] - Clicked on the element By.xpath: //div[text()='Categories']/../following::div[1]/button
[INFO] 27-07-2023 11:20:25 [main] [LogUtils] - Clicked on the element By.xpath: //li[text()='Filter']
[INFO] 27-07-2023 11:20:25 [main] [LogUtils] - element gets visible: true
[INFO] 27-07-2023 11:20:25 [main] [LogUtils] - element gets visible: true
[INFO] 27-07-2023 11:20:27 [main] [LogUtils] - Set text Category 4 on By.xpath: //input[@placeholder='Filter value']
[INFO] 27-07-2023 11:20:33 [main] [LogUtils] - element gets enable: true
[INFO] 27-07-2023 11:20:33 [main] [LogUtils] - element gets visible: true
[INFO] 27-07-2023 11:20:33 [main] [LogUtils] - [0]Cell.getText(): Category 4
[INFO] 27-07-2023 11:20:33 [main] [LogUtils] - element gets visible: true
[INFO] 27-07-2023 11:20:33 [main] [LogUtils] - [1]Cell.getText(): Category 4,Category 2
[INFO] 27-07-2023 11:20:33 [main] [LogUtils] - element gets visible: true
[INFO] 27-07-2023 11:20:33 [main] [LogUtils] - [2]Cell.getText(): Category 3,Category 4
[INFO] 27-07-2023 11:20:33 [main] [LogUtils] - element gets visible: true
[INFO] 27-07-2023 11:20:33 [main] [LogUtils] - [3]Cell.getText(): Category 4
[INFO] 27-07-2023 11:20:33 [main] [LogUtils] - element gets visible: true
[INFO] 27-07-2023 11:20:34 [main] [LogUtils] - [4]Cell.getText(): Category 4,Category 2
[INFO] 27-07-2023 11:20:34 [main] [LogUtils] - element gets visible: true
[INFO] 27-07-2023 11:20:34 [main] [LogUtils] - [5]Cell.getText(): Category 4,Category 3
[INFO] 27-07-2023 11:20:34 [main] [LogUtils] - element gets visible: true
[INFO] 27-07-2023 11:20:34 [main] [LogUtils] - [6]Cell.getText(): Category 4
[INFO] 27-07-2023 11:20:34 [main] [LogUtils] - element gets visible: true
[INFO] 27-07-2023 11:20:34 [main] [LogUtils] - [7]Cell.getText(): Category 3,Category 4
[INFO] 27-07-2023 11:20:34 [main] [LogUtils] - element gets visible: true
[INFO] 27-07-2023 11:20:34 [main] [LogUtils] - [8]Cell.getText(): Category 4,Category 3
[INFO] 27-07-2023 11:20:34 [main] [LogUtils] - element gets visible: true
[INFO] 27-07-2023 11:20:34 [main] [LogUtils] - [9]Cell.getText(): Category 1,Category 4
[INFO] 27-07-2023 11:20:35 [main] [LogUtils] - Clicked on the element By.xpath: //button[@title='Next page']
[INFO] 27-07-2023 11:23:22 [main] [Utils] - [TestNG] Running:
  /Users/thangle/Library/Caches/JetBrains/IdeaIC2022.2/temp-testng-customsuite.xml

[INFO] 27-07-2023 11:23:22 [main] [LogUtils] - Warning !! Can not Load All File.
[INFO] 27-07-2023 11:23:29 [main] [LogUtils] - Driver in TestContext: ChromeDriver: chrome on mac (f35102a0b2420ac06c0457e56f6772de)
[INFO] 27-07-2023 11:23:35 [main] [LogUtils] - Open Test Page URL: https://lcjg-betalabs.github.io/test-site-qa/products/
[INFO] 27-07-2023 11:23:35 [main] [LogUtils] - Hover on element By.xpath: //div[@class='MuiDataGrid-columnHeaderTitle' and text()='Categories']
[INFO] 27-07-2023 11:23:37 [main] [LogUtils] - Clicked on the element By.xpath: //div[text()='Categories']/../following::div[1]/button
[INFO] 27-07-2023 11:23:40 [main] [LogUtils] - Clicked on the element By.xpath: //li[text()='Filter']
[INFO] 27-07-2023 11:23:41 [main] [LogUtils] - element gets visible: true
[INFO] 27-07-2023 11:23:41 [main] [LogUtils] - element gets visible: true
[INFO] 27-07-2023 11:23:42 [main] [LogUtils] - Set text Category 4 on By.xpath: //input[@placeholder='Filter value']
[INFO] 27-07-2023 11:23:48 [main] [LogUtils] - element gets enable: true
[INFO] 27-07-2023 11:23:48 [main] [LogUtils] - Cell.getText(): Category 4
[INFO] 27-07-2023 11:23:48 [main] [LogUtils] - Cell.getText(): Category 4,Category 2
[INFO] 27-07-2023 11:23:48 [main] [LogUtils] - Cell.getText(): Category 3,Category 4
[INFO] 27-07-2023 11:23:49 [main] [LogUtils] - Cell.getText(): Category 4
[INFO] 27-07-2023 11:23:49 [main] [LogUtils] - Cell.getText(): Category 4,Category 2
[INFO] 27-07-2023 11:23:49 [main] [LogUtils] - Cell.getText(): Category 4,Category 3
[INFO] 27-07-2023 11:23:49 [main] [LogUtils] - Cell.getText(): Category 4
[INFO] 27-07-2023 11:23:49 [main] [LogUtils] - Cell.getText(): Category 3,Category 4
[INFO] 27-07-2023 11:23:49 [main] [LogUtils] - Cell.getText(): Category 4,Category 3
[INFO] 27-07-2023 11:23:49 [main] [LogUtils] - Cell.getText(): Category 1,Category 4
[INFO] 27-07-2023 11:23:49 [main] [LogUtils] - Clicked on the element By.xpath: //button[@title='Next page']
[INFO] 27-07-2023 11:39:56 [main] [Utils] - [TestNG] Running:
  /Users/thangle/Library/Caches/JetBrains/IdeaIC2022.2/temp-testng-customsuite.xml

[INFO] 27-07-2023 11:39:57 [main] [LogUtils] - Warning !! Can not Load All File.
[INFO] 27-07-2023 11:40:04 [main] [LogUtils] - Driver in TestContext: ChromeDriver: chrome on mac (9fe18497be4f38b8ab409e19adea46d8)
[INFO] 27-07-2023 11:40:14 [main] [LogUtils] - Open Test Page URL: https://lcjg-betalabs.github.io/test-site-qa/products/
[INFO] 27-07-2023 11:40:14 [main] [LogUtils] - Hover on element By.xpath: //div[@class='MuiDataGrid-columnHeaderTitle' and text()='Categories']
[INFO] 27-07-2023 11:40:16 [main] [LogUtils] - Clicked on the element By.xpath: //div[text()='Categories']/../following::div[1]/button
[INFO] 27-07-2023 11:40:19 [main] [LogUtils] - Clicked on the element By.xpath: //li[text()='Filter']
[INFO] 27-07-2023 11:40:20 [main] [LogUtils] - element gets visible: true
[INFO] 27-07-2023 11:40:20 [main] [LogUtils] - element gets visible: true
[INFO] 27-07-2023 11:40:22 [main] [LogUtils] - Set text Category 4 on By.xpath: //input[@placeholder='Filter value']
[INFO] 27-07-2023 11:41:24 [main] [LogUtils] - element gets enable: true
[INFO] 27-07-2023 11:55:39 [main] [LogUtils] - [Page 0] Cell.getText(): Category 4
[INFO] 27-07-2023 11:55:59 [main] [LogUtils] - [Page 0] Cell.getText(): Category 4,Category 2
[INFO] 27-07-2023 11:55:59 [main] [LogUtils] - [Page 0] Cell.getText(): Category 3,Category 4
[INFO] 27-07-2023 11:55:59 [main] [LogUtils] - [Page 0] Cell.getText(): Category 4
[INFO] 27-07-2023 11:55:59 [main] [LogUtils] - [Page 0] Cell.getText(): Category 4,Category 2
[INFO] 27-07-2023 11:55:59 [main] [LogUtils] - [Page 0] Cell.getText(): Category 4,Category 3
[INFO] 27-07-2023 11:55:59 [main] [LogUtils] - [Page 0] Cell.getText(): Category 4
[INFO] 27-07-2023 11:55:59 [main] [LogUtils] - [Page 0] Cell.getText(): Category 3,Category 4
[INFO] 27-07-2023 11:55:59 [main] [LogUtils] - [Page 0] Cell.getText(): Category 4,Category 3
[INFO] 27-07-2023 11:55:59 [main] [LogUtils] - [Page 0] Cell.getText(): Category 1,Category 4
[INFO] 27-07-2023 11:56:17 [main] [LogUtils] - Clicked on the element By.xpath: //button[@title='Next page']
[INFO] 27-07-2023 11:57:44 [main] [Utils] - [TestNG] Running:
  /Users/thangle/Library/Caches/JetBrains/IdeaIC2022.2/temp-testng-customsuite.xml

[INFO] 27-07-2023 11:57:45 [main] [LogUtils] - Warning !! Can not Load All File.
[INFO] 27-07-2023 11:57:52 [main] [LogUtils] - Driver in TestContext: ChromeDriver: chrome on mac (80631b5f8dc939db24cfd4a2cb482c24)
[INFO] 27-07-2023 11:58:01 [main] [LogUtils] - Open Test Page URL: https://lcjg-betalabs.github.io/test-site-qa/products/
[INFO] 27-07-2023 11:58:02 [main] [LogUtils] - Hover on element By.xpath: //div[@class='MuiDataGrid-columnHeaderTitle' and text()='Categories']
[INFO] 27-07-2023 11:58:04 [main] [LogUtils] - Clicked on the element By.xpath: //div[text()='Categories']/../following::div[1]/button
[INFO] 27-07-2023 11:58:07 [main] [LogUtils] - Clicked on the element By.xpath: //li[text()='Filter']
[INFO] 27-07-2023 11:58:07 [main] [LogUtils] - element gets visible: true
[INFO] 27-07-2023 11:58:08 [main] [LogUtils] - element gets visible: true
[INFO] 27-07-2023 11:58:09 [main] [LogUtils] - Set text Category 4 on By.xpath: //input[@placeholder='Filter value']
[INFO] 27-07-2023 11:58:15 [main] [LogUtils] - element gets enable: true
[INFO] 27-07-2023 11:58:15 [main] [LogUtils] - [Page 0] Cell.getText(): Category 4
[INFO] 27-07-2023 11:58:15 [main] [LogUtils] - [Page 0] Cell.getText(): Category 4,Category 2
[INFO] 27-07-2023 11:58:15 [main] [LogUtils] - [Page 0] Cell.getText(): Category 3,Category 4
[INFO] 27-07-2023 11:58:15 [main] [LogUtils] - [Page 0] Cell.getText(): Category 4
[INFO] 27-07-2023 11:58:15 [main] [LogUtils] - [Page 0] Cell.getText(): Category 4,Category 2
[INFO] 27-07-2023 11:58:15 [main] [LogUtils] - [Page 0] Cell.getText(): Category 4,Category 3
[INFO] 27-07-2023 11:58:15 [main] [LogUtils] - [Page 0] Cell.getText(): Category 4
[INFO] 27-07-2023 11:58:15 [main] [LogUtils] - [Page 0] Cell.getText(): Category 3,Category 4
[INFO] 27-07-2023 11:58:15 [main] [LogUtils] - [Page 0] Cell.getText(): Category 4,Category 3
[INFO] 27-07-2023 11:58:15 [main] [LogUtils] - [Page 0] Cell.getText(): Category 1,Category 4
[INFO] 27-07-2023 11:58:16 [main] [LogUtils] - Clicked on the element By.xpath: //button[@title='Next page']
[INFO] 27-07-2023 11:58:22 [main] [LogUtils] - element gets enable: true
[INFO] 27-07-2023 11:58:23 [main] [LogUtils] - [Page 0] Cell.getText(): Category 4
[INFO] 27-07-2023 11:58:23 [main] [LogUtils] - [Page 0] Cell.getText(): Category 4,Category 4
[INFO] 27-07-2023 11:58:23 [main] [LogUtils] - [Page 0] Cell.getText(): Category 4
[INFO] 27-07-2023 11:58:23 [main] [LogUtils] - [Page 0] Cell.getText(): Category 2,Category 4
[INFO] 27-07-2023 11:58:23 [main] [LogUtils] - [Page 0] Cell.getText(): Category 4
[INFO] 27-07-2023 11:58:23 [main] [LogUtils] - [Page 0] Cell.getText(): Category 2,Category 4
[INFO] 27-07-2023 11:58:23 [main] [LogUtils] - [Page 0] Cell.getText(): Category 3,Category 4
[INFO] 27-07-2023 11:58:23 [main] [LogUtils] - [Page 0] Cell.getText(): Category 1,Category 4
[INFO] 27-07-2023 11:58:23 [main] [LogUtils] - [Page 0] Cell.getText(): Category 4,Category 2
[INFO] 27-07-2023 11:58:23 [main] [LogUtils] - [Page 0] Cell.getText(): Category 1,Category 4
[INFO] 27-07-2023 11:58:23 [main] [LogUtils] - Clicked on the element By.xpath: //button[@title='Next page']
[INFO] 27-07-2023 11:58:29 [main] [LogUtils] - element gets enable: false
[INFO] 27-07-2023 11:58:29 [main] [LogUtils] - [Page 0] Cell.getText(): Category 2,Category 4
[INFO] 27-07-2023 11:58:29 [main] [LogUtils] - [Page 0] Cell.getText(): Category 4
[INFO] 27-07-2023 11:58:29 [main] [LogUtils] - [Page 0] Cell.getText(): Category 4
[INFO] 27-07-2023 11:58:29 [main] [LogUtils] - [Page 0] Cell.getText(): Category 4,Category 3
[INFO] 27-07-2023 11:58:29 [main] [LogUtils] - [Page 0] Cell.getText(): Category 2,Category 4
[INFO] 27-07-2023 11:58:29 [main] [LogUtils] - [Page 0] Cell.getText(): Category 4,Category 1
[INFO] 27-07-2023 11:58:29 [main] [LogUtils] - [Page 0] Cell.getText(): Category 4,Category 3
[INFO] 27-07-2023 11:58:29 [main] [LogUtils] - [Page 0] Cell.getText(): Category 3,Category 4
[INFO] 27-07-2023 11:58:29 [main] [LogUtils] - [Page 0] Cell.getText(): Category 3,Category 4
[INFO] 27-07-2023 12:03:40 [main] [Utils] - [TestNG] Running:
  /Users/thangle/Library/Caches/JetBrains/IdeaIC2022.2/temp-testng-customsuite.xml

[INFO] 27-07-2023 12:03:41 [main] [LogUtils] - Warning !! Can not Load All File.
[INFO] 27-07-2023 12:03:48 [main] [LogUtils] - Driver in TestContext: ChromeDriver: chrome on mac (5ea83a83c67aeb38a89cfb230cab3b2d)
[INFO] 27-07-2023 12:03:53 [main] [LogUtils] - Open Test Page URL: https://lcjg-betalabs.github.io/test-site-qa/products/
[INFO] 27-07-2023 12:03:54 [main] [LogUtils] - Hover on element By.xpath: //div[@class='MuiDataGrid-columnHeaderTitle' and text()='Categories']
[INFO] 27-07-2023 12:03:55 [main] [LogUtils] - Clicked on the element By.xpath: //div[text()='Categories']/../following::div[1]/button
[INFO] 27-07-2023 12:03:59 [main] [LogUtils] - Clicked on the element By.xpath: //li[text()='Filter']
[INFO] 27-07-2023 12:03:59 [main] [LogUtils] - element gets visible: true
[INFO] 27-07-2023 12:03:59 [main] [LogUtils] - element gets visible: true
[INFO] 27-07-2023 12:04:01 [main] [LogUtils] - Set text Category 4 on By.xpath: //input[@placeholder='Filter value']
[INFO] 27-07-2023 12:04:07 [main] [LogUtils] - element gets enable: true
[INFO] 27-07-2023 12:04:07 [main] [LogUtils] - [Page 0] Cell.getText(): Category 4
[INFO] 27-07-2023 12:04:07 [main] [LogUtils] - [Page 0] Cell.getText(): Category 4,Category 2
[INFO] 27-07-2023 12:04:07 [main] [LogUtils] - [Page 0] Cell.getText(): Category 3,Category 4
[INFO] 27-07-2023 12:04:07 [main] [LogUtils] - [Page 0] Cell.getText(): Category 4
[INFO] 27-07-2023 12:04:07 [main] [LogUtils] - [Page 0] Cell.getText(): Category 4,Category 2
[INFO] 27-07-2023 12:04:07 [main] [LogUtils] - [Page 0] Cell.getText(): Category 4,Category 3
[INFO] 27-07-2023 12:04:07 [main] [LogUtils] - [Page 0] Cell.getText(): Category 4
[INFO] 27-07-2023 12:04:07 [main] [LogUtils] - [Page 0] Cell.getText(): Category 3,Category 4
[INFO] 27-07-2023 12:04:07 [main] [LogUtils] - [Page 0] Cell.getText(): Category 4,Category 3
[INFO] 27-07-2023 12:04:07 [main] [LogUtils] - [Page 0] Cell.getText(): Category 1,Category 4
[INFO] 27-07-2023 12:07:07 [main] [LogUtils] - Clicked on the element By.xpath: //button[@title='Next page']
[INFO] 27-07-2023 12:07:13 [main] [LogUtils] - element gets enable: true
[INFO] 27-07-2023 12:07:18 [main] [LogUtils] - [Page 1] Cell.getText(): Category 4
[INFO] 27-07-2023 12:09:45 [main] [LogUtils] - [Page 1] Cell.getText(): Category 4,Category 4
[INFO] 27-07-2023 12:09:45 [main] [LogUtils] - [Page 1] Cell.getText(): Category 4
[INFO] 27-07-2023 12:09:45 [main] [LogUtils] - [Page 1] Cell.getText(): Category 2,Category 4
[INFO] 27-07-2023 12:09:45 [main] [LogUtils] - [Page 1] Cell.getText(): Category 4
[INFO] 27-07-2023 12:09:45 [main] [LogUtils] - [Page 1] Cell.getText(): Category 2,Category 4
[INFO] 27-07-2023 12:09:45 [main] [LogUtils] - [Page 1] Cell.getText(): Category 3,Category 4
[INFO] 27-07-2023 12:09:45 [main] [LogUtils] - [Page 1] Cell.getText(): Category 1,Category 4
[INFO] 27-07-2023 12:09:45 [main] [LogUtils] - [Page 1] Cell.getText(): Category 4,Category 2
[INFO] 27-07-2023 12:09:45 [main] [LogUtils] - [Page 1] Cell.getText(): Category 1,Category 4
[INFO] 27-07-2023 12:10:18 [main] [LogUtils] - Clicked on the element By.xpath: //button[@title='Next page']
[INFO] 27-07-2023 12:10:25 [main] [LogUtils] - element gets enable: false
[INFO] 27-07-2023 12:10:25 [main] [LogUtils] - [Page 2] Cell.getText(): Category 2,Category 4
[INFO] 27-07-2023 12:10:25 [main] [LogUtils] - [Page 2] Cell.getText(): Category 4
[INFO] 27-07-2023 12:10:25 [main] [LogUtils] - [Page 2] Cell.getText(): Category 4
[INFO] 27-07-2023 12:10:25 [main] [LogUtils] - [Page 2] Cell.getText(): Category 4,Category 3
[INFO] 27-07-2023 12:10:25 [main] [LogUtils] - [Page 2] Cell.getText(): Category 2,Category 4
[INFO] 27-07-2023 12:10:25 [main] [LogUtils] - [Page 2] Cell.getText(): Category 4,Category 1
[INFO] 27-07-2023 12:10:25 [main] [LogUtils] - [Page 2] Cell.getText(): Category 4,Category 3
[INFO] 27-07-2023 12:10:25 [main] [LogUtils] - [Page 2] Cell.getText(): Category 3,Category 4
[INFO] 27-07-2023 12:10:25 [main] [LogUtils] - [Page 2] Cell.getText(): Category 3,Category 4
[INFO] 27-07-2023 12:15:41 [main] [Utils] - [TestNG] Running:
  /Users/thangle/Library/Caches/JetBrains/IdeaIC2022.2/temp-testng-customsuite.xml

[INFO] 27-07-2023 12:15:42 [main] [LogUtils] - Warning !! Can not Load All File.
[INFO] 27-07-2023 12:15:49 [main] [LogUtils] - Driver in TestContext: ChromeDriver: chrome on mac (965d86e5766ce5f95edecac862ad7e2a)
[INFO] 27-07-2023 12:15:55 [main] [LogUtils] - Open Test Page URL: https://lcjg-betalabs.github.io/test-site-qa/products/
[INFO] 27-07-2023 12:15:55 [main] [LogUtils] - Hover on element By.xpath: //div[@class='MuiDataGrid-columnHeaderTitle' and text()='Categories']
[INFO] 27-07-2023 12:15:55 [main] [LogUtils] - element gets visible: true
[INFO] 27-07-2023 12:15:57 [main] [LogUtils] - Clicked on the element By.xpath: //div[text()='Categories']/../following::div[1]/button
[INFO] 27-07-2023 12:15:58 [main] [LogUtils] - element gets visible: true
[INFO] 27-07-2023 12:16:00 [main] [LogUtils] - Clicked on the element By.xpath: //li[text()='Filter']
[INFO] 27-07-2023 12:16:01 [main] [LogUtils] - element gets visible: true
[INFO] 27-07-2023 12:16:01 [main] [LogUtils] - element gets visible: true
[INFO] 27-07-2023 12:16:02 [main] [LogUtils] - Set text Category 4 on By.xpath: //input[@placeholder='Filter value']
[INFO] 27-07-2023 12:16:08 [main] [LogUtils] - element gets enable: true
[INFO] 27-07-2023 12:16:08 [main] [LogUtils] - [Page 0] Cell.getText(): Category 4
[INFO] 27-07-2023 12:16:08 [main] [LogUtils] - [Page 0] Cell.getText(): Category 4,Category 2
[INFO] 27-07-2023 12:16:08 [main] [LogUtils] - [Page 0] Cell.getText(): Category 3,Category 4
[INFO] 27-07-2023 12:16:08 [main] [LogUtils] - [Page 0] Cell.getText(): Category 4
[INFO] 27-07-2023 12:16:08 [main] [LogUtils] - [Page 0] Cell.getText(): Category 4,Category 2
[INFO] 27-07-2023 12:16:08 [main] [LogUtils] - [Page 0] Cell.getText(): Category 4,Category 3
[INFO] 27-07-2023 12:16:08 [main] [LogUtils] - [Page 0] Cell.getText(): Category 4
[INFO] 27-07-2023 12:16:08 [main] [LogUtils] - [Page 0] Cell.getText(): Category 3,Category 4
[INFO] 27-07-2023 12:16:08 [main] [LogUtils] - [Page 0] Cell.getText(): Category 4,Category 3
[INFO] 27-07-2023 12:16:08 [main] [LogUtils] - [Page 0] Cell.getText(): Category 1,Category 4
[INFO] 27-07-2023 12:16:09 [main] [LogUtils] - element gets visible: true
[INFO] 27-07-2023 12:16:09 [main] [LogUtils] - Clicked on the element By.xpath: //button[@title='Next page']
[INFO] 27-07-2023 12:16:15 [main] [LogUtils] - element gets enable: true
[INFO] 27-07-2023 12:16:16 [main] [LogUtils] - [Page 1] Cell.getText(): Category 4
[INFO] 27-07-2023 12:16:16 [main] [LogUtils] - [Page 1] Cell.getText(): Category 4,Category 4
[INFO] 27-07-2023 12:16:16 [main] [LogUtils] - [Page 1] Cell.getText(): Category 4
[INFO] 27-07-2023 12:16:16 [main] [LogUtils] - [Page 1] Cell.getText(): Category 2,Category 4
[INFO] 27-07-2023 12:16:16 [main] [LogUtils] - [Page 1] Cell.getText(): Category 4
[INFO] 27-07-2023 12:16:16 [main] [LogUtils] - [Page 1] Cell.getText(): Category 2,Category 4
[INFO] 27-07-2023 12:16:16 [main] [LogUtils] - [Page 1] Cell.getText(): Category 3,Category 4
[INFO] 27-07-2023 12:16:16 [main] [LogUtils] - [Page 1] Cell.getText(): Category 1,Category 4
[INFO] 27-07-2023 12:16:16 [main] [LogUtils] - [Page 1] Cell.getText(): Category 4,Category 2
[INFO] 27-07-2023 12:16:16 [main] [LogUtils] - [Page 1] Cell.getText(): Category 1,Category 4
[INFO] 27-07-2023 12:16:16 [main] [LogUtils] - element gets visible: true
[INFO] 27-07-2023 12:16:16 [main] [LogUtils] - Clicked on the element By.xpath: //button[@title='Next page']
[INFO] 27-07-2023 12:16:22 [main] [LogUtils] - element gets enable: false
[INFO] 27-07-2023 12:16:22 [main] [LogUtils] - [Page 2] Cell.getText(): Category 2,Category 4
[INFO] 27-07-2023 12:16:22 [main] [LogUtils] - [Page 2] Cell.getText(): Category 4
[INFO] 27-07-2023 12:16:22 [main] [LogUtils] - [Page 2] Cell.getText(): Category 4
[INFO] 27-07-2023 12:16:22 [main] [LogUtils] - [Page 2] Cell.getText(): Category 4,Category 3
[INFO] 27-07-2023 12:16:22 [main] [LogUtils] - [Page 2] Cell.getText(): Category 2,Category 4
[INFO] 27-07-2023 12:16:22 [main] [LogUtils] - [Page 2] Cell.getText(): Category 4,Category 1
[INFO] 27-07-2023 12:16:22 [main] [LogUtils] - [Page 2] Cell.getText(): Category 4,Category 3
[INFO] 27-07-2023 12:16:22 [main] [LogUtils] - [Page 2] Cell.getText(): Category 3,Category 4
[INFO] 27-07-2023 12:16:22 [main] [LogUtils] - [Page 2] Cell.getText(): Category 3,Category 4
[INFO] 27-07-2023 12:16:22 [main] [LogUtils] - element gets visible: true
[INFO] 27-07-2023 13:43:59 [main] [Utils] - [TestNG] Running:
  /Users/thangle/Library/Caches/JetBrains/IdeaIC2022.2/temp-testng-customsuite.xml

[INFO] 27-07-2023 13:44:00 [main] [LogUtils] - Warning !! Can not Load All File.
[INFO] 27-07-2023 13:44:08 [main] [LogUtils] - Driver in TestContext: ChromeDriver: chrome on mac (19d2be9b08e7dc99a5bfd101d8140525)
[INFO] 27-07-2023 13:44:14 [main] [LogUtils] - Open Test Page URL: https://lcjg-betalabs.github.io/test-site-qa/products/
[INFO] 27-07-2023 13:44:14 [main] [LogUtils] - Hover on element By.xpath: //div[@class='MuiDataGrid-columnHeaderTitle' and text()='Categories']
[INFO] 27-07-2023 13:44:14 [main] [LogUtils] - element gets visible: true
[INFO] 27-07-2023 13:44:16 [main] [LogUtils] - Clicked on the element By.xpath: //div[text()='Categories']/../following::div[1]/button
[INFO] 27-07-2023 13:44:17 [main] [LogUtils] - element gets visible: true
[INFO] 27-07-2023 13:44:19 [main] [LogUtils] - Clicked on the element By.xpath: //li[text()='Filter']
[INFO] 27-07-2023 13:44:20 [main] [LogUtils] - element gets visible: true
[INFO] 27-07-2023 13:44:20 [main] [LogUtils] - element gets visible: true
[INFO] 27-07-2023 13:44:22 [main] [LogUtils] - Set text Category 4 on By.xpath: //input[@placeholder='Filter value']
[INFO] 27-07-2023 13:44:28 [main] [LogUtils] - element gets enable: true
[INFO] 27-07-2023 13:44:28 [main] [LogUtils] - [Cell.getText(): Category 4
[INFO] 27-07-2023 13:44:28 [main] [LogUtils] - [Cell.getText(): Category 4,Category 2
[INFO] 27-07-2023 13:44:28 [main] [LogUtils] - [Cell.getText(): Category 3,Category 4
[INFO] 27-07-2023 13:44:28 [main] [LogUtils] - [Cell.getText(): Category 4
[INFO] 27-07-2023 13:44:28 [main] [LogUtils] - [Cell.getText(): Category 4,Category 2
[INFO] 27-07-2023 13:44:28 [main] [LogUtils] - [Cell.getText(): Category 4,Category 3
[INFO] 27-07-2023 13:44:28 [main] [LogUtils] - [Cell.getText(): Category 4
[INFO] 27-07-2023 13:44:28 [main] [LogUtils] - [Cell.getText(): Category 3,Category 4
[INFO] 27-07-2023 13:44:28 [main] [LogUtils] - [Cell.getText(): Category 4,Category 3
[INFO] 27-07-2023 13:44:28 [main] [LogUtils] - [Cell.getText(): Category 1,Category 4
[INFO] 27-07-2023 13:44:34 [main] [LogUtils] - element gets enable: true
[INFO] 27-07-2023 13:44:34 [main] [LogUtils] - element gets visible: true
[INFO] 27-07-2023 13:44:35 [main] [LogUtils] - Clicked on the element By.xpath: //button[@title='Next page']
[INFO] 27-07-2023 13:44:41 [main] [LogUtils] - element gets enable: true
[INFO] 27-07-2023 13:44:41 [main] [LogUtils] - [Cell.getText(): Category 4
[INFO] 27-07-2023 13:44:41 [main] [LogUtils] - [Cell.getText(): Category 4,Category 4
[INFO] 27-07-2023 13:44:41 [main] [LogUtils] - [Cell.getText(): Category 4
[INFO] 27-07-2023 13:44:41 [main] [LogUtils] - [Cell.getText(): Category 2,Category 4
[INFO] 27-07-2023 13:44:41 [main] [LogUtils] - [Cell.getText(): Category 4
[INFO] 27-07-2023 13:44:41 [main] [LogUtils] - [Cell.getText(): Category 2,Category 4
[INFO] 27-07-2023 13:44:41 [main] [LogUtils] - [Cell.getText(): Category 3,Category 4
[INFO] 27-07-2023 13:44:41 [main] [LogUtils] - [Cell.getText(): Category 1,Category 4
[INFO] 27-07-2023 13:44:42 [main] [LogUtils] - [Cell.getText(): Category 4,Category 2
[INFO] 27-07-2023 13:44:42 [main] [LogUtils] - [Cell.getText(): Category 1,Category 4
[INFO] 27-07-2023 13:44:48 [main] [LogUtils] - element gets enable: true
[INFO] 27-07-2023 13:44:48 [main] [LogUtils] - element gets visible: true
[INFO] 27-07-2023 13:44:48 [main] [LogUtils] - Clicked on the element By.xpath: //button[@title='Next page']
[INFO] 27-07-2023 13:44:54 [main] [LogUtils] - element gets enable: false
[INFO] 27-07-2023 13:44:54 [main] [LogUtils] - [Cell.getText(): Category 2,Category 4
[INFO] 27-07-2023 13:44:54 [main] [LogUtils] - [Cell.getText(): Category 4
[INFO] 27-07-2023 13:44:54 [main] [LogUtils] - [Cell.getText(): Category 4
[INFO] 27-07-2023 13:44:54 [main] [LogUtils] - [Cell.getText(): Category 4,Category 3
[INFO] 27-07-2023 13:44:54 [main] [LogUtils] - [Cell.getText(): Category 2,Category 4
[INFO] 27-07-2023 13:44:54 [main] [LogUtils] - [Cell.getText(): Category 4,Category 1
[INFO] 27-07-2023 13:44:54 [main] [LogUtils] - [Cell.getText(): Category 4,Category 3
[INFO] 27-07-2023 13:44:54 [main] [LogUtils] - [Cell.getText(): Category 3,Category 4
[INFO] 27-07-2023 13:44:54 [main] [LogUtils] - [Cell.getText(): Category 3,Category 4
[INFO] 27-07-2023 13:45:00 [main] [LogUtils] - element gets enable: false
[INFO] 27-07-2023 13:47:40 [main] [Utils] - [TestNG] Running:
  /Users/thangle/Library/Caches/JetBrains/IdeaIC2022.2/temp-testng-customsuite.xml

[INFO] 27-07-2023 13:47:41 [main] [LogUtils] - Warning !! Can not Load All File.
[INFO] 27-07-2023 13:47:48 [main] [LogUtils] - Driver in TestContext: ChromeDriver: chrome on mac (137fe6204e2e951b83b1512452e7abfa)
[INFO] 27-07-2023 13:47:57 [main] [LogUtils] - Open Test Page URL: https://lcjg-betalabs.github.io/test-site-qa/products/
[INFO] 27-07-2023 13:47:57 [main] [LogUtils] - Hover on element By.xpath: //div[@class='MuiDataGrid-columnHeaderTitle' and text()='Categories']
[INFO] 27-07-2023 13:47:57 [main] [LogUtils] - element gets visible: true
[INFO] 27-07-2023 13:47:59 [main] [LogUtils] - Clicked on the element By.xpath: //div[text()='Categories']/../following::div[1]/button
[INFO] 27-07-2023 13:48:01 [main] [LogUtils] - element gets visible: true
[INFO] 27-07-2023 13:48:03 [main] [LogUtils] - Clicked on the element By.xpath: //li[text()='Filter']
[INFO] 27-07-2023 13:48:03 [main] [LogUtils] - element gets visible: true
[INFO] 27-07-2023 13:48:04 [main] [LogUtils] - element gets visible: true
[INFO] 27-07-2023 13:48:05 [main] [LogUtils] - Set text Category 4 on By.xpath: //input[@placeholder='Filter value']
[INFO] 27-07-2023 13:48:11 [main] [LogUtils] - element gets enable: true
[INFO] 27-07-2023 13:48:11 [main] [LogUtils] - [Cell.getText(): Category 4
[INFO] 27-07-2023 13:48:11 [main] [LogUtils] - [Cell.getText(): Category 4,Category 2
[INFO] 27-07-2023 13:48:11 [main] [LogUtils] - [Cell.getText(): Category 3,Category 4
[INFO] 27-07-2023 13:48:12 [main] [LogUtils] - [Cell.getText(): Category 4
[INFO] 27-07-2023 13:48:12 [main] [LogUtils] - [Cell.getText(): Category 4,Category 2
[INFO] 27-07-2023 13:48:12 [main] [LogUtils] - [Cell.getText(): Category 4,Category 3
[INFO] 27-07-2023 13:48:12 [main] [LogUtils] - [Cell.getText(): Category 4
[INFO] 27-07-2023 13:48:12 [main] [LogUtils] - [Cell.getText(): Category 3,Category 4
[INFO] 27-07-2023 13:48:12 [main] [LogUtils] - [Cell.getText(): Category 4,Category 3
[INFO] 27-07-2023 13:48:12 [main] [LogUtils] - [Cell.getText(): Category 1,Category 4
[INFO] 27-07-2023 13:48:18 [main] [LogUtils] - element gets enable: true
[INFO] 27-07-2023 13:48:18 [main] [LogUtils] - element gets visible: true
[INFO] 27-07-2023 13:48:18 [main] [LogUtils] - Clicked on the element By.xpath: //button[@title='Next page']
[INFO] 27-07-2023 13:48:24 [main] [LogUtils] - element gets enable: true
[INFO] 27-07-2023 13:48:25 [main] [LogUtils] - [Cell.getText(): Category 4
[INFO] 27-07-2023 13:48:25 [main] [LogUtils] - [Cell.getText(): Category 4,Category 4
[INFO] 27-07-2023 13:48:25 [main] [LogUtils] - [Cell.getText(): Category 4
[INFO] 27-07-2023 13:48:25 [main] [LogUtils] - [Cell.getText(): Category 2,Category 4
[INFO] 27-07-2023 13:48:25 [main] [LogUtils] - [Cell.getText(): Category 4
[INFO] 27-07-2023 13:48:25 [main] [LogUtils] - [Cell.getText(): Category 2,Category 4
[INFO] 27-07-2023 13:48:25 [main] [LogUtils] - [Cell.getText(): Category 3,Category 4
[INFO] 27-07-2023 13:48:25 [main] [LogUtils] - [Cell.getText(): Category 1,Category 4
[INFO] 27-07-2023 13:48:25 [main] [LogUtils] - [Cell.getText(): Category 4,Category 2
[INFO] 27-07-2023 13:48:25 [main] [LogUtils] - [Cell.getText(): Category 1,Category 4
[INFO] 27-07-2023 13:48:31 [main] [LogUtils] - element gets enable: true
[INFO] 27-07-2023 13:48:31 [main] [LogUtils] - element gets visible: true
[INFO] 27-07-2023 13:48:31 [main] [LogUtils] - Clicked on the element By.xpath: //button[@title='Next page']
[INFO] 27-07-2023 13:48:37 [main] [LogUtils] - element gets enable: false
[INFO] 27-07-2023 13:48:37 [main] [LogUtils] - [Cell.getText(): Category 2,Category 4
[INFO] 27-07-2023 13:48:37 [main] [LogUtils] - [Cell.getText(): Category 4
[INFO] 27-07-2023 13:48:37 [main] [LogUtils] - [Cell.getText(): Category 4
[INFO] 27-07-2023 13:48:37 [main] [LogUtils] - [Cell.getText(): Category 4,Category 3
[INFO] 27-07-2023 13:48:37 [main] [LogUtils] - [Cell.getText(): Category 2,Category 4
[INFO] 27-07-2023 13:48:37 [main] [LogUtils] - [Cell.getText(): Category 4,Category 1
[INFO] 27-07-2023 13:48:37 [main] [LogUtils] - [Cell.getText(): Category 4,Category 3
[INFO] 27-07-2023 13:48:37 [main] [LogUtils] - [Cell.getText(): Category 3,Category 4
[INFO] 27-07-2023 13:48:37 [main] [LogUtils] - [Cell.getText(): Category 3,Category 4
[INFO] 27-07-2023 13:48:44 [main] [LogUtils] - element gets enable: false
[INFO] 27-07-2023 13:50:21 [main] [Utils] - [TestNG] Running:
  /Users/thangle/Library/Caches/JetBrains/IdeaIC2022.2/temp-testng-customsuite.xml

[INFO] 27-07-2023 13:50:22 [main] [LogUtils] - Warning !! Can not Load All File.
[INFO] 27-07-2023 13:50:29 [main] [LogUtils] - Driver in TestContext: ChromeDriver: chrome on mac (df8a0cda6563b07cd2c77f0cb50d825d)
[INFO] 27-07-2023 13:50:34 [main] [LogUtils] - Open Test Page URL: https://lcjg-betalabs.github.io/test-site-qa/products/
[INFO] 27-07-2023 13:50:35 [main] [LogUtils] - Hover on element By.xpath: //div[@class='MuiDataGrid-columnHeaderTitle' and text()='Categories']
[INFO] 27-07-2023 13:50:35 [main] [LogUtils] - element gets visible: true
[INFO] 27-07-2023 13:50:58 [main] [Utils] - [TestNG] Running:
  /Users/thangle/Library/Caches/JetBrains/IdeaIC2022.2/temp-testng-customsuite.xml

[INFO] 27-07-2023 13:50:58 [main] [LogUtils] - Warning !! Can not Load All File.
[INFO] 27-07-2023 13:51:05 [main] [LogUtils] - Driver in TestContext: ChromeDriver: chrome on mac (5ae85ca1d3dfe9304b98d5b56ca73bb6)
[INFO] 27-07-2023 13:51:10 [main] [LogUtils] - Open Test Page URL: https://lcjg-betalabs.github.io/test-site-qa/products/
[INFO] 27-07-2023 13:51:11 [main] [LogUtils] - Hover on element By.xpath: //div[@class='MuiDataGrid-columnHeaderTitle' and text()='Categories']
[INFO] 27-07-2023 13:51:11 [main] [LogUtils] - element gets visible: true
[INFO] 27-07-2023 13:51:13 [main] [LogUtils] - Clicked on the element By.xpath: //div[text()='Categories']/../following::div[1]/button
[INFO] 27-07-2023 13:51:14 [main] [LogUtils] - element gets visible: true
[INFO] 27-07-2023 13:51:16 [main] [LogUtils] - Clicked on the element By.xpath: //li[text()='Filter']
[INFO] 27-07-2023 13:51:16 [main] [LogUtils] - element gets visible: true
[INFO] 27-07-2023 13:51:17 [main] [LogUtils] - element gets visible: true
[INFO] 27-07-2023 13:51:18 [main] [LogUtils] - Set text Category 4 on By.xpath: //input[@placeholder='Filter value']
[INFO] 27-07-2023 13:51:24 [main] [LogUtils] - element gets enable: true
[INFO] 27-07-2023 13:51:24 [main] [LogUtils] - [Cell.getText(): Category 4
[INFO] 27-07-2023 13:51:25 [main] [LogUtils] - [Cell.getText(): Category 4,Category 2
[INFO] 27-07-2023 13:51:25 [main] [LogUtils] - [Cell.getText(): Category 3,Category 4
[INFO] 27-07-2023 13:51:25 [main] [LogUtils] - [Cell.getText(): Category 4
[INFO] 27-07-2023 13:51:25 [main] [LogUtils] - [Cell.getText(): Category 4,Category 2
[INFO] 27-07-2023 13:51:25 [main] [LogUtils] - [Cell.getText(): Category 4,Category 3
[INFO] 27-07-2023 13:51:25 [main] [LogUtils] - [Cell.getText(): Category 4
[INFO] 27-07-2023 13:51:25 [main] [LogUtils] - [Cell.getText(): Category 3,Category 4
[INFO] 27-07-2023 13:51:25 [main] [LogUtils] - [Cell.getText(): Category 4,Category 3
[INFO] 27-07-2023 13:51:25 [main] [LogUtils] - [Cell.getText(): Category 1,Category 4
[INFO] 27-07-2023 13:51:31 [main] [LogUtils] - element gets enable: true
[INFO] 27-07-2023 13:51:31 [main] [LogUtils] - element gets visible: true
[INFO] 27-07-2023 13:51:32 [main] [LogUtils] - Clicked on the element By.xpath: //button[@title='Next page']
[INFO] 27-07-2023 13:51:38 [main] [LogUtils] - element gets enable: true
[INFO] 27-07-2023 13:51:38 [main] [LogUtils] - [Cell.getText(): Category 4
[INFO] 27-07-2023 13:51:38 [main] [LogUtils] - [Cell.getText(): Category 4,Category 4
[INFO] 27-07-2023 13:51:38 [main] [LogUtils] - [Cell.getText(): Category 4
[INFO] 27-07-2023 13:51:38 [main] [LogUtils] - [Cell.getText(): Category 2,Category 4
[INFO] 27-07-2023 13:51:38 [main] [LogUtils] - [Cell.getText(): Category 4
[INFO] 27-07-2023 13:51:38 [main] [LogUtils] - [Cell.getText(): Category 2,Category 4
[INFO] 27-07-2023 13:51:38 [main] [LogUtils] - [Cell.getText(): Category 3,Category 4
[INFO] 27-07-2023 13:51:38 [main] [LogUtils] - [Cell.getText(): Category 1,Category 4
[INFO] 27-07-2023 13:51:38 [main] [LogUtils] - [Cell.getText(): Category 4,Category 2
[INFO] 27-07-2023 13:51:38 [main] [LogUtils] - [Cell.getText(): Category 1,Category 4
[INFO] 27-07-2023 13:51:44 [main] [LogUtils] - element gets enable: true
[INFO] 27-07-2023 13:51:44 [main] [LogUtils] - element gets visible: true
[INFO] 27-07-2023 13:51:45 [main] [LogUtils] - Clicked on the element By.xpath: //button[@title='Next page']
[INFO] 27-07-2023 13:51:51 [main] [LogUtils] - element gets enable: false
[INFO] 27-07-2023 13:51:51 [main] [LogUtils] - [Cell.getText(): Category 2,Category 4
[INFO] 27-07-2023 13:51:51 [main] [LogUtils] - [Cell.getText(): Category 4
[INFO] 27-07-2023 13:51:51 [main] [LogUtils] - [Cell.getText(): Category 4
[INFO] 27-07-2023 13:51:51 [main] [LogUtils] - [Cell.getText(): Category 4,Category 3
[INFO] 27-07-2023 13:51:51 [main] [LogUtils] - [Cell.getText(): Category 2,Category 4
[INFO] 27-07-2023 13:51:51 [main] [LogUtils] - [Cell.getText(): Category 4,Category 1
[INFO] 27-07-2023 13:51:51 [main] [LogUtils] - [Cell.getText(): Category 4,Category 3
[INFO] 27-07-2023 13:51:51 [main] [LogUtils] - [Cell.getText(): Category 3,Category 4
[INFO] 27-07-2023 13:51:51 [main] [LogUtils] - [Cell.getText(): Category 3,Category 4
[INFO] 27-07-2023 13:51:57 [main] [LogUtils] - element gets enable: false
[INFO] 27-07-2023 15:25:51 [main] [LogUtils] - Warning !! Can not Load All File.
[INFO] 27-07-2023 15:25:59 [main] [LogUtils] - Driver in TestContext: ChromeDriver: chrome on mac (f78c96b63d609657bbc41429931e3714)
[INFO] 27-07-2023 15:26:08 [main] [LogUtils] - Open Test Page URL: https://lcjg-betalabs.github.io/test-site-qa/products/
[INFO] 27-07-2023 15:45:14 [main] [LogUtils] - Warning !! Can not Load All File.
[INFO] 27-07-2023 15:45:21 [main] [LogUtils] - Driver in TestContext: ChromeDriver: chrome on mac (55db00732b498a69ac1d1e137c49a0d6)
[INFO] 27-07-2023 15:45:27 [main] [LogUtils] - Open Test Page URL: https://lcjg-betalabs.github.io/test-site-qa/products/
[INFO] 27-07-2023 15:45:33 [main] [LogUtils] - Products null
[INFO] 27-07-2023 15:46:49 [main] [LogUtils] - Warning !! Can not Load All File.
[INFO] 27-07-2023 15:46:56 [main] [LogUtils] - Driver in TestContext: ChromeDriver: chrome on mac (129f54d7f6822450b4547d9731c50f42)
[INFO] 27-07-2023 15:47:02 [main] [LogUtils] - Open Test Page URL: https://lcjg-betalabs.github.io/test-site-qa/products/
[INFO] 27-07-2023 15:47:49 [main] [LogUtils] - Products null
[INFO] 27-07-2023 15:48:13 [main] [LogUtils] - Warning !! Can not Load All File.
[INFO] 27-07-2023 15:48:21 [main] [LogUtils] - Driver in TestContext: ChromeDriver: chrome on mac (46208988358524c18f8c4de16695571b)
[INFO] 27-07-2023 15:48:27 [main] [LogUtils] - Open Test Page URL: https://lcjg-betalabs.github.io/test-site-qa/products/
[INFO] 27-07-2023 15:48:28 [main] [LogUtils] - Response io.restassured.internal.RestAssuredResponseImpl@6799cded
[INFO] 27-07-2023 16:07:51 [main] [LogUtils] - Warning !! Can not Load All File.
[INFO] 27-07-2023 16:07:58 [main] [LogUtils] - Driver in TestContext: ChromeDriver: chrome on mac (769be6bf24e346ea84dae351decec56b)
[INFO] 27-07-2023 16:08:04 [main] [LogUtils] - Open Test Page URL: https://lcjg-betalabs.github.io/test-site-qa/products/
[INFO] 27-07-2023 16:10:01 [main] [LogUtils] - Warning !! Can not Load All File.
[INFO] 27-07-2023 16:10:09 [main] [LogUtils] - Driver in TestContext: ChromeDriver: chrome on mac (a89585e2c4d4b51beecb0726e1621f3d)
[INFO] 27-07-2023 16:10:15 [main] [LogUtils] - Open Test Page URL: https://lcjg-betalabs.github.io/test-site-qa/products/
[INFO] 27-07-2023 16:10:52 [main] [LogUtils] - Warning !! Can not Load All File.
[INFO] 27-07-2023 16:10:59 [main] [LogUtils] - Driver in TestContext: ChromeDriver: chrome on mac (962afed2bf388feb353b55d0773321db)
[INFO] 27-07-2023 16:11:04 [main] [LogUtils] - Open Test Page URL: https://lcjg-betalabs.github.io/test-site-qa/products/
[INFO] 27-07-2023 16:11:05 [main] [LogUtils] - listId [1001, 1002, 1003, 1004, 1005, 1006, 1007, 1008, 1009, 1010, 1011, 1012, 1013, 1014, 1015, 1016, 1017, 1018, 1019, 1020, 1021, 1022, 1023, 1024, 1025, 1026, 1027, 1028, 1029, 1030, 1031, 1032, 1033, 1034, 1035, 1036, 1037, 1038, 1039, 1040, 1041, 1042, 1043, 1044, 1045, 1046, 1047, 1048, 1049, 1050, 1051, 1052, 1053, 1054, 1055, 1056, 1057, 1058, 1059, 1060, 1061, 1062, 1063, 1064, 1065, 1066, 1067, 1068, 1069, 1070, 1071, 1072, 1073, 1074, 1075, 1076, 1077, 1078, 1079, 1080, 1081, 1082, 1083, 1084, 1085, 1086, 1087, 1088, 1089, 1090, 1091, 1092, 1093, 1094, 1095, 1096, 1097, 1098, 1099, 1100]
[INFO] 27-07-2023 16:11:05 [main] [LogUtils] - Response io.restassured.internal.RestAssuredResponseImpl@7df7d5cc
[INFO] 27-07-2023 16:14:00 [main] [LogUtils] - Warning !! Can not Load All File.
[INFO] 27-07-2023 16:14:07 [main] [LogUtils] - Driver in TestContext: ChromeDriver: chrome on mac (8e781c075591899ac62e07688e25bd15)
[INFO] 27-07-2023 16:14:13 [main] [LogUtils] - Open Test Page URL: https://lcjg-betalabs.github.io/test-site-qa/products/
[INFO] 27-07-2023 16:14:14 [main] [LogUtils] - Products null
[INFO] 27-07-2023 16:14:14 [main] [LogUtils] - listId [1001, 1002, 1003, 1004, 1005, 1006, 1007, 1008, 1009, 1010, 1011, 1012, 1013, 1014, 1015, 1016, 1017, 1018, 1019, 1020, 1021, 1022, 1023, 1024, 1025, 1026, 1027, 1028, 1029, 1030, 1031, 1032, 1033, 1034, 1035, 1036, 1037, 1038, 1039, 1040, 1041, 1042, 1043, 1044, 1045, 1046, 1047, 1048, 1049, 1050, 1051, 1052, 1053, 1054, 1055, 1056, 1057, 1058, 1059, 1060, 1061, 1062, 1063, 1064, 1065, 1066, 1067, 1068, 1069, 1070, 1071, 1072, 1073, 1074, 1075, 1076, 1077, 1078, 1079, 1080, 1081, 1082, 1083, 1084, 1085, 1086, 1087, 1088, 1089, 1090, 1091, 1092, 1093, 1094, 1095, 1096, 1097, 1098, 1099, 1100]
[INFO] 27-07-2023 16:14:14 [main] [LogUtils] - Response io.restassured.internal.RestAssuredResponseImpl@2c03678
[INFO] 27-07-2023 16:16:07 [main] [LogUtils] - Warning !! Can not Load All File.
[INFO] 27-07-2023 16:16:15 [main] [LogUtils] - Driver in TestContext: ChromeDriver: chrome on mac (c103a30b487e0edba6233a13269758fd)
[INFO] 27-07-2023 16:16:20 [main] [LogUtils] - Open Test Page URL: https://lcjg-betalabs.github.io/test-site-qa/products/
[INFO] 27-07-2023 16:16:21 [main] [LogUtils] - Products null
[INFO] 27-07-2023 16:19:04 [main] [LogUtils] - Warning !! Can not Load All File.
[INFO] 27-07-2023 16:19:11 [main] [LogUtils] - Driver in TestContext: ChromeDriver: chrome on mac (3eef503bd3d352722e2fabc05668eca1)
[INFO] 27-07-2023 16:19:16 [main] [LogUtils] - Open Test Page URL: https://lcjg-betalabs.github.io/test-site-qa/products/
[INFO] 27-07-2023 16:19:17 [main] [LogUtils] - Hover on element By.xpath: //div[@class='MuiDataGrid-columnHeaderTitle' and text()='Categories']
[INFO] 27-07-2023 16:19:17 [main] [LogUtils] - element gets visible: true
[INFO] 27-07-2023 16:19:19 [main] [LogUtils] - Clicked on the element By.xpath: //div[text()='Categories']/../following::div[1]/button
[INFO] 27-07-2023 16:19:20 [main] [LogUtils] - element gets visible: true
[INFO] 27-07-2023 16:19:22 [main] [LogUtils] - Clicked on the element By.xpath: //li[text()='Filter']
[INFO] 27-07-2023 16:19:22 [main] [LogUtils] - element gets visible: true
[INFO] 27-07-2023 16:19:23 [main] [LogUtils] - element gets visible: true
[INFO] 27-07-2023 16:19:24 [main] [LogUtils] - Set text Category 4 on By.xpath: //input[@placeholder='Filter value']
[INFO] 27-07-2023 16:24:03 [main] [LogUtils] - Warning !! Can not Load All File.
[INFO] 27-07-2023 16:24:10 [main] [LogUtils] - Driver in TestContext: ChromeDriver: chrome on mac (d04499af78340c7b09bc58c82e09b9df)
[INFO] 27-07-2023 16:24:15 [main] [LogUtils] - Open Test Page URL: https://lcjg-betalabs.github.io/test-site-qa/products/
[INFO] 27-07-2023 16:24:16 [main] [LogUtils] - Hover on element By.xpath: //div[@class='MuiDataGrid-columnHeaderTitle' and text()='Categories']
[INFO] 27-07-2023 16:24:16 [main] [LogUtils] - element gets visible: true
[INFO] 27-07-2023 16:24:17 [main] [LogUtils] - Clicked on the element By.xpath: //div[text()='Categories']/../following::div[1]/button
[INFO] 27-07-2023 16:24:19 [main] [LogUtils] - element gets visible: true
[INFO] 27-07-2023 16:24:21 [main] [LogUtils] - Clicked on the element By.xpath: //li[text()='Filter']
[INFO] 27-07-2023 16:24:22 [main] [LogUtils] - element gets visible: true
[INFO] 27-07-2023 16:24:22 [main] [LogUtils] - element gets visible: true
[INFO] 27-07-2023 16:24:23 [main] [LogUtils] - Set text Category 4 on By.xpath: //input[@placeholder='Filter value']
[INFO] 27-07-2023 16:24:31 [main] [LogUtils] - element gets enable: true
[INFO] 27-07-2023 16:24:31 [main] [LogUtils] - [Cell.getText(): Category 4
[INFO] 27-07-2023 16:24:31 [main] [LogUtils] - [Cell.getText(): Category 4,Category 2
[INFO] 27-07-2023 16:24:31 [main] [LogUtils] - [Cell.getText(): Category 3,Category 4
[INFO] 27-07-2023 16:24:31 [main] [LogUtils] - [Cell.getText(): Category 4
[INFO] 27-07-2023 16:24:31 [main] [LogUtils] - [Cell.getText(): Category 4,Category 2
[INFO] 27-07-2023 16:24:31 [main] [LogUtils] - [Cell.getText(): Category 4,Category 3
[INFO] 27-07-2023 16:24:31 [main] [LogUtils] - [Cell.getText(): Category 4
[INFO] 27-07-2023 16:24:31 [main] [LogUtils] - [Cell.getText(): Category 3,Category 4
[INFO] 27-07-2023 16:24:31 [main] [LogUtils] - [Cell.getText(): Category 4,Category 3
[INFO] 27-07-2023 16:24:31 [main] [LogUtils] - [Cell.getText(): Category 1,Category 4
[INFO] 27-07-2023 16:24:38 [main] [LogUtils] - element gets enable: true
[INFO] 27-07-2023 16:24:38 [main] [LogUtils] - element gets visible: true
[INFO] 27-07-2023 16:24:38 [main] [LogUtils] - Clicked on the element By.xpath: //button[@title='Next page']
[INFO] 27-07-2023 16:24:44 [main] [LogUtils] - element gets enable: true
[INFO] 27-07-2023 16:24:45 [main] [LogUtils] - [Cell.getText(): Category 4
[INFO] 27-07-2023 16:24:45 [main] [LogUtils] - [Cell.getText(): Category 4,Category 4
[INFO] 27-07-2023 16:24:45 [main] [LogUtils] - [Cell.getText(): Category 4
[INFO] 27-07-2023 16:24:45 [main] [LogUtils] - [Cell.getText(): Category 2,Category 4
[INFO] 27-07-2023 16:24:45 [main] [LogUtils] - [Cell.getText(): Category 4
[INFO] 27-07-2023 16:24:45 [main] [LogUtils] - [Cell.getText(): Category 2,Category 4
[INFO] 27-07-2023 16:24:45 [main] [LogUtils] - [Cell.getText(): Category 3,Category 4
[INFO] 27-07-2023 16:24:45 [main] [LogUtils] - [Cell.getText(): Category 1,Category 4
[INFO] 27-07-2023 16:24:45 [main] [LogUtils] - [Cell.getText(): Category 4,Category 2
[INFO] 27-07-2023 16:24:45 [main] [LogUtils] - [Cell.getText(): Category 1,Category 4
[INFO] 27-07-2023 16:24:51 [main] [LogUtils] - element gets enable: true
[INFO] 27-07-2023 16:24:51 [main] [LogUtils] - element gets visible: true
[INFO] 27-07-2023 16:24:51 [main] [LogUtils] - Clicked on the element By.xpath: //button[@title='Next page']
[INFO] 27-07-2023 16:24:57 [main] [LogUtils] - element gets enable: false
[INFO] 27-07-2023 16:24:57 [main] [LogUtils] - [Cell.getText(): Category 2,Category 4
[INFO] 27-07-2023 16:24:57 [main] [LogUtils] - [Cell.getText(): Category 4
[INFO] 27-07-2023 16:24:57 [main] [LogUtils] - [Cell.getText(): Category 4
[INFO] 27-07-2023 16:24:57 [main] [LogUtils] - [Cell.getText(): Category 4,Category 3
[INFO] 27-07-2023 16:24:57 [main] [LogUtils] - [Cell.getText(): Category 2,Category 4
[INFO] 27-07-2023 16:24:57 [main] [LogUtils] - [Cell.getText(): Category 4,Category 1
[INFO] 27-07-2023 16:24:57 [main] [LogUtils] - [Cell.getText(): Category 4,Category 3
[INFO] 27-07-2023 16:24:57 [main] [LogUtils] - [Cell.getText(): Category 3,Category 4
[INFO] 27-07-2023 16:24:57 [main] [LogUtils] - [Cell.getText(): Category 3,Category 4
[INFO] 27-07-2023 16:25:03 [main] [LogUtils] - element gets enable: false
[INFO] 27-07-2023 16:29:37 [main] [LogUtils] - Warning !! Can not Load All File.
[INFO] 27-07-2023 16:29:45 [main] [LogUtils] - Driver in TestContext: ChromeDriver: chrome on mac (b0862cfc045b864777d509f818236267)
[INFO] 27-07-2023 16:29:54 [main] [LogUtils] - Open Test Page URL: https://lcjg-betalabs.github.io/test-site-qa/products/
[INFO] 27-07-2023 16:29:54 [main] [LogUtils] - Hover on element By.xpath: //div[@class='MuiDataGrid-columnHeaderTitle' and text()='Categories']
[INFO] 27-07-2023 16:29:54 [main] [LogUtils] - element gets visible: true
[INFO] 27-07-2023 16:29:57 [main] [LogUtils] - Clicked on the element By.xpath: //div[text()='Categories']/../following::div[1]/button
[INFO] 27-07-2023 16:29:57 [main] [LogUtils] - element gets visible: true
[INFO] 27-07-2023 16:30:00 [main] [LogUtils] - Clicked on the element By.xpath: //li[text()='Filter']
[INFO] 27-07-2023 16:30:00 [main] [LogUtils] - element gets visible: true
[INFO] 27-07-2023 16:30:00 [main] [LogUtils] - element gets visible: true
[INFO] 27-07-2023 16:30:02 [main] [LogUtils] - Set text Category 4 on By.xpath: //input[@placeholder='Filter value']
[INFO] 27-07-2023 16:30:03 [main] [LogUtils] - response: 
io.restassured.internal.RestAssuredResponseImpl@1f93cdc0
[INFO] 27-07-2023 16:30:03 [main] [LogUtils] - Verify Product Request response correctly
[INFO] 27-07-2023 16:30:10 [main] [LogUtils] - element gets enable: true
[INFO] 27-07-2023 16:30:10 [main] [LogUtils] - [Cell.getText(): Category 4
[INFO] 27-07-2023 16:30:10 [main] [LogUtils] - [Cell.getText(): Category 4,Category 2
[INFO] 27-07-2023 16:30:10 [main] [LogUtils] - [Cell.getText(): Category 3,Category 4
[INFO] 27-07-2023 16:30:10 [main] [LogUtils] - [Cell.getText(): Category 4
[INFO] 27-07-2023 16:30:10 [main] [LogUtils] - [Cell.getText(): Category 4,Category 2
[INFO] 27-07-2023 16:30:10 [main] [LogUtils] - [Cell.getText(): Category 4,Category 3
[INFO] 27-07-2023 16:30:10 [main] [LogUtils] - [Cell.getText(): Category 4
[INFO] 27-07-2023 16:30:10 [main] [LogUtils] - [Cell.getText(): Category 3,Category 4
[INFO] 27-07-2023 16:30:10 [main] [LogUtils] - [Cell.getText(): Category 4,Category 3
[INFO] 27-07-2023 16:30:10 [main] [LogUtils] - [Cell.getText(): Category 1,Category 4
[INFO] 27-07-2023 16:30:16 [main] [LogUtils] - element gets enable: true
[INFO] 27-07-2023 16:30:16 [main] [LogUtils] - element gets visible: true
[INFO] 27-07-2023 16:30:17 [main] [LogUtils] - Clicked on the element By.xpath: //button[@title='Next page']
[INFO] 27-07-2023 16:30:23 [main] [LogUtils] - element gets enable: true
[INFO] 27-07-2023 16:30:23 [main] [LogUtils] - [Cell.getText(): Category 4
[INFO] 27-07-2023 16:30:23 [main] [LogUtils] - [Cell.getText(): Category 4,Category 4
[INFO] 27-07-2023 16:30:23 [main] [LogUtils] - [Cell.getText(): Category 4
[INFO] 27-07-2023 16:30:23 [main] [LogUtils] - [Cell.getText(): Category 2,Category 4
[INFO] 27-07-2023 16:30:23 [main] [LogUtils] - [Cell.getText(): Category 4
[INFO] 27-07-2023 16:30:23 [main] [LogUtils] - [Cell.getText(): Category 2,Category 4
[INFO] 27-07-2023 16:30:23 [main] [LogUtils] - [Cell.getText(): Category 3,Category 4
[INFO] 27-07-2023 16:30:23 [main] [LogUtils] - [Cell.getText(): Category 1,Category 4
[INFO] 27-07-2023 16:30:23 [main] [LogUtils] - [Cell.getText(): Category 4,Category 2
[INFO] 27-07-2023 16:30:23 [main] [LogUtils] - [Cell.getText(): Category 1,Category 4
[INFO] 27-07-2023 16:30:29 [main] [LogUtils] - element gets enable: true
[INFO] 27-07-2023 16:30:29 [main] [LogUtils] - element gets visible: true
[INFO] 27-07-2023 16:30:30 [main] [LogUtils] - Clicked on the element By.xpath: //button[@title='Next page']
[INFO] 27-07-2023 16:30:36 [main] [LogUtils] - element gets enable: false
[INFO] 27-07-2023 16:30:36 [main] [LogUtils] - [Cell.getText(): Category 2,Category 4
[INFO] 27-07-2023 16:30:36 [main] [LogUtils] - [Cell.getText(): Category 4
[INFO] 27-07-2023 16:30:36 [main] [LogUtils] - [Cell.getText(): Category 4
[INFO] 27-07-2023 16:30:36 [main] [LogUtils] - [Cell.getText(): Category 4,Category 3
[INFO] 27-07-2023 16:30:36 [main] [LogUtils] - [Cell.getText(): Category 2,Category 4
[INFO] 27-07-2023 16:30:36 [main] [LogUtils] - [Cell.getText(): Category 4,Category 1
[INFO] 27-07-2023 16:30:36 [main] [LogUtils] - [Cell.getText(): Category 4,Category 3
[INFO] 27-07-2023 16:30:36 [main] [LogUtils] - [Cell.getText(): Category 3,Category 4
[INFO] 27-07-2023 16:30:36 [main] [LogUtils] - [Cell.getText(): Category 3,Category 4
[INFO] 27-07-2023 16:30:42 [main] [LogUtils] - element gets enable: false
[INFO] 27-07-2023 16:33:42 [main] [LogUtils] - Warning !! Can not Load All File.
[INFO] 27-07-2023 16:33:50 [main] [LogUtils] - Driver in TestContext: ChromeDriver: chrome on mac (fc1cee82af2005d6e0e01df3f7dd377a)
[INFO] 27-07-2023 16:33:59 [main] [LogUtils] - Open Test Page URL: https://lcjg-betalabs.github.io/test-site-qa/products/
[INFO] 27-07-2023 16:33:59 [main] [LogUtils] - Hover on element By.xpath: //div[@class='MuiDataGrid-columnHeaderTitle' and text()='Categories']
[INFO] 27-07-2023 16:33:59 [main] [LogUtils] - element gets visible: true
[INFO] 27-07-2023 16:34:02 [main] [LogUtils] - Clicked on the element By.xpath: //div[text()='Categories']/../following::div[1]/button
[INFO] 27-07-2023 16:34:02 [main] [LogUtils] - element gets visible: true
[INFO] 27-07-2023 16:34:04 [main] [LogUtils] - Clicked on the element By.xpath: //li[text()='Filter']
[INFO] 27-07-2023 16:34:04 [main] [LogUtils] - element gets visible: true
[INFO] 27-07-2023 16:34:05 [main] [LogUtils] - element gets visible: true
[INFO] 27-07-2023 16:34:06 [main] [LogUtils] - Set text Category 4 on By.xpath: //input[@placeholder='Filter value']
[INFO] 27-07-2023 16:34:07 [main] [LogUtils] - Verify Product Request response correctly
[INFO] 27-07-2023 16:34:14 [main] [LogUtils] - element gets enable: true
[INFO] 27-07-2023 16:34:14 [main] [LogUtils] - [Cell.getText(): Category 4
[INFO] 27-07-2023 16:34:14 [main] [LogUtils] - [Cell.getText(): Category 4,Category 2
[INFO] 27-07-2023 16:34:14 [main] [LogUtils] - [Cell.getText(): Category 3,Category 4
[INFO] 27-07-2023 16:34:14 [main] [LogUtils] - [Cell.getText(): Category 4
[INFO] 27-07-2023 16:34:14 [main] [LogUtils] - [Cell.getText(): Category 4,Category 2
[INFO] 27-07-2023 16:34:14 [main] [LogUtils] - [Cell.getText(): Category 4,Category 3
[INFO] 27-07-2023 16:34:14 [main] [LogUtils] - [Cell.getText(): Category 4
[INFO] 27-07-2023 16:34:14 [main] [LogUtils] - [Cell.getText(): Category 3,Category 4
[INFO] 27-07-2023 16:34:14 [main] [LogUtils] - [Cell.getText(): Category 4,Category 3
[INFO] 27-07-2023 16:34:14 [main] [LogUtils] - [Cell.getText(): Category 1,Category 4
[INFO] 27-07-2023 16:34:20 [main] [LogUtils] - element gets enable: true
[INFO] 27-07-2023 16:34:20 [main] [LogUtils] - element gets visible: true
[INFO] 27-07-2023 16:34:21 [main] [LogUtils] - Clicked on the element By.xpath: //button[@title='Next page']
[INFO] 27-07-2023 16:34:27 [main] [LogUtils] - element gets enable: true
[INFO] 27-07-2023 16:34:27 [main] [LogUtils] - [Cell.getText(): Category 4
[INFO] 27-07-2023 16:34:27 [main] [LogUtils] - [Cell.getText(): Category 4,Category 4
[INFO] 27-07-2023 16:34:27 [main] [LogUtils] - [Cell.getText(): Category 4
[INFO] 27-07-2023 16:34:27 [main] [LogUtils] - [Cell.getText(): Category 2,Category 4
[INFO] 27-07-2023 16:34:27 [main] [LogUtils] - [Cell.getText(): Category 4
[INFO] 27-07-2023 16:34:27 [main] [LogUtils] - [Cell.getText(): Category 2,Category 4
[INFO] 27-07-2023 16:34:27 [main] [LogUtils] - [Cell.getText(): Category 3,Category 4
[INFO] 27-07-2023 16:34:27 [main] [LogUtils] - [Cell.getText(): Category 1,Category 4
[INFO] 27-07-2023 16:34:27 [main] [LogUtils] - [Cell.getText(): Category 4,Category 2
[INFO] 27-07-2023 16:34:27 [main] [LogUtils] - [Cell.getText(): Category 1,Category 4
[INFO] 27-07-2023 16:34:33 [main] [LogUtils] - element gets enable: true
[INFO] 27-07-2023 16:34:33 [main] [LogUtils] - element gets visible: true
[INFO] 27-07-2023 16:34:34 [main] [LogUtils] - Clicked on the element By.xpath: //button[@title='Next page']
[INFO] 27-07-2023 16:34:40 [main] [LogUtils] - element gets enable: false
[INFO] 27-07-2023 16:34:40 [main] [LogUtils] - [Cell.getText(): Category 2,Category 4
[INFO] 27-07-2023 16:34:40 [main] [LogUtils] - [Cell.getText(): Category 4
[INFO] 27-07-2023 16:34:40 [main] [LogUtils] - [Cell.getText(): Category 4
[INFO] 27-07-2023 16:34:40 [main] [LogUtils] - [Cell.getText(): Category 4,Category 3
[INFO] 27-07-2023 16:34:40 [main] [LogUtils] - [Cell.getText(): Category 2,Category 4
[INFO] 27-07-2023 16:34:40 [main] [LogUtils] - [Cell.getText(): Category 4,Category 1
[INFO] 27-07-2023 16:34:40 [main] [LogUtils] - [Cell.getText(): Category 4,Category 3
[INFO] 27-07-2023 16:34:40 [main] [LogUtils] - [Cell.getText(): Category 3,Category 4
[INFO] 27-07-2023 16:34:40 [main] [LogUtils] - [Cell.getText(): Category 3,Category 4
[INFO] 27-07-2023 16:34:46 [main] [LogUtils] - element gets enable: false
[INFO] 27-07-2023 17:09:13 [main] [LogUtils] - Warning !! Can not Load All File.
[INFO] 27-07-2023 17:09:22 [main] [LogUtils] - Driver in TestContext: ChromeDriver: chrome on mac (33f80358d9e85cbd2ac8883d7285b5f6)
[INFO] 27-07-2023 17:09:31 [main] [LogUtils] - Open Test Page URL: https://lcjg-betalabs.github.io/test-site-qa/products/
[INFO] 27-07-2023 17:09:32 [main] [LogUtils] - Hover on element By.xpath: //div[@class='MuiDataGrid-columnHeaderTitle' and text()='Categories']
[INFO] 27-07-2023 17:09:32 [main] [LogUtils] - element gets visible: true
[INFO] 27-07-2023 17:09:33 [main] [LogUtils] - Clicked on the element By.xpath: //div[text()='Categories']/../following::div[1]/button
[INFO] 27-07-2023 17:09:34 [main] [LogUtils] - element gets visible: true
[INFO] 27-07-2023 17:09:36 [main] [LogUtils] - Clicked on the element By.xpath: //li[text()='Filter']
[INFO] 27-07-2023 17:09:37 [main] [LogUtils] - element gets visible: true
[INFO] 27-07-2023 17:09:37 [main] [LogUtils] - element gets visible: true
[INFO] 27-07-2023 17:09:38 [main] [LogUtils] - Set text Category 4 on By.xpath: //input[@placeholder='Filter value']
[INFO] 27-07-2023 17:09:41 [main] [LogUtils] - Verify Product Request response correctly
[INFO] 27-07-2023 17:09:47 [main] [LogUtils] - element gets enable: true
[INFO] 27-07-2023 17:09:47 [main] [LogUtils] - [Cell.getText(): Category 4
[INFO] 27-07-2023 17:09:47 [main] [LogUtils] - [Cell.getText(): Category 4,Category 2
[INFO] 27-07-2023 17:09:47 [main] [LogUtils] - [Cell.getText(): Category 3,Category 4
[INFO] 27-07-2023 17:09:47 [main] [LogUtils] - [Cell.getText(): Category 4
[INFO] 27-07-2023 17:09:47 [main] [LogUtils] - [Cell.getText(): Category 4,Category 2
[INFO] 27-07-2023 17:09:47 [main] [LogUtils] - [Cell.getText(): Category 4,Category 3
[INFO] 27-07-2023 17:09:47 [main] [LogUtils] - [Cell.getText(): Category 4
[INFO] 27-07-2023 17:09:47 [main] [LogUtils] - [Cell.getText(): Category 3,Category 4
[INFO] 27-07-2023 17:09:47 [main] [LogUtils] - [Cell.getText(): Category 4,Category 3
[INFO] 27-07-2023 17:09:47 [main] [LogUtils] - [Cell.getText(): Category 1,Category 4
[INFO] 27-07-2023 17:09:53 [main] [LogUtils] - element gets enable: true
[INFO] 27-07-2023 17:09:53 [main] [LogUtils] - element gets visible: true
[INFO] 27-07-2023 17:09:54 [main] [LogUtils] - Clicked on the element By.xpath: //button[@title='Next page']
[INFO] 27-07-2023 17:10:00 [main] [LogUtils] - element gets enable: true
[INFO] 27-07-2023 17:10:00 [main] [LogUtils] - [Cell.getText(): Category 4
[INFO] 27-07-2023 17:10:00 [main] [LogUtils] - [Cell.getText(): Category 4,Category 4
[INFO] 27-07-2023 17:10:00 [main] [LogUtils] - [Cell.getText(): Category 4
[INFO] 27-07-2023 17:10:00 [main] [LogUtils] - [Cell.getText(): Category 2,Category 4
[INFO] 27-07-2023 17:10:00 [main] [LogUtils] - [Cell.getText(): Category 4
[INFO] 27-07-2023 17:10:00 [main] [LogUtils] - [Cell.getText(): Category 2,Category 4
[INFO] 27-07-2023 17:10:00 [main] [LogUtils] - [Cell.getText(): Category 3,Category 4
[INFO] 27-07-2023 17:10:00 [main] [LogUtils] - [Cell.getText(): Category 1,Category 4
[INFO] 27-07-2023 17:10:00 [main] [LogUtils] - [Cell.getText(): Category 4,Category 2
[INFO] 27-07-2023 17:10:00 [main] [LogUtils] - [Cell.getText(): Category 1,Category 4
[INFO] 27-07-2023 17:10:06 [main] [LogUtils] - element gets enable: true
[INFO] 27-07-2023 17:10:06 [main] [LogUtils] - element gets visible: true
[INFO] 27-07-2023 17:10:07 [main] [LogUtils] - Clicked on the element By.xpath: //button[@title='Next page']
[INFO] 27-07-2023 17:10:13 [main] [LogUtils] - element gets enable: false
[INFO] 27-07-2023 17:10:13 [main] [LogUtils] - [Cell.getText(): Category 2,Category 4
[INFO] 27-07-2023 17:10:13 [main] [LogUtils] - [Cell.getText(): Category 4
[INFO] 27-07-2023 17:10:13 [main] [LogUtils] - [Cell.getText(): Category 4
[INFO] 27-07-2023 17:10:13 [main] [LogUtils] - [Cell.getText(): Category 4,Category 3
[INFO] 27-07-2023 17:10:13 [main] [LogUtils] - [Cell.getText(): Category 2,Category 4
[INFO] 27-07-2023 17:10:13 [main] [LogUtils] - [Cell.getText(): Category 4,Category 1
[INFO] 27-07-2023 17:10:13 [main] [LogUtils] - [Cell.getText(): Category 4,Category 3
[INFO] 27-07-2023 17:10:13 [main] [LogUtils] - [Cell.getText(): Category 3,Category 4
[INFO] 27-07-2023 17:10:13 [main] [LogUtils] - [Cell.getText(): Category 3,Category 4
[INFO] 27-07-2023 17:10:19 [main] [LogUtils] - element gets enable: false
